<?xml version="1.0" encoding="UTF-8"?>
<!-- Generated by org.testng.reporters.JUnitXMLReporter -->
<testsuite ignored="4" hostname="LTIN251826" failures="0" tests="11" name="Test" time="70.306" errors="0" timestamp="2024-03-05T00:07:15 IST">
  <testcase classname="TestCases.TC_01WebDevelopmentCourses" name="search" time="6.597"/>
  <testcase classname="TestCases.TC_01WebDevelopmentCourses" name="filters" time="1.256"/>
  <testcase classname="TestCases.TC_01WebDevelopmentCourses" name="courses" time="5.631"/>
  <testcase classname="TestCases.TC_01WebDevelopmentCourses" name="firstcourse" time="0.179"/>
  <testcase classname="TestCases.TC_01WebDevelopmentCourses" name="secondcourse" time="0.239"/>
  <testcase classname="TestCases.TC_02LanguageLearning" name="lang_learn" time="5.949"/>
  <testcase classname="TestCases.TC_02LanguageLearning" name="levels" time="0.862"/>
  <testcase classname="TestCases.TC_02LanguageLearning" name="languages" time="4.352"/>
  <testcase classname="TestCases.TC_02LanguageLearning" name="enterprise" time="21.012"/>
  <testcase classname="TestCases.TC_03FillingForm" name="form" time="3.638"/>
  <testcase classname="TestCases.TC_03FillingForm" name="error_msg" time="0.213"/>
  <testcase classname="factory.BaseClass" name="@AfterTest close_browser" time="0.0">
    <ignored/>
  </testcase> <!-- @AfterTest close_browser -->
  <testcase classname="factory.BaseClass" name="@AfterTest close_browser" time="0.0">
    <ignored/>
  </testcase> <!-- @AfterTest close_browser -->
  <testcase classname="factory.BaseClass" name="@BeforeTest driver_setup" time="0.0">
    <ignored/>
  </testcase> <!-- @BeforeTest driver_setup -->
  <testcase classname="factory.BaseClass" name="@BeforeTest driver_setup" time="0.0">
    <ignored/>
  </testcase> <!-- @BeforeTest driver_setup -->
</testsuite> <!-- Test -->
