<?xml version="1.0" encoding="UTF-8"?>
<testng-results ignored="0" total="0" passed="0" failed="0" skipped="0">
  <reporter-output>
  </reporter-output>
  <suite started-at="2024-03-05T00:08:19 IST" name="testRunner.TestRun" finished-at="2024-03-05T00:08:19 IST" duration-ms="26">
    <groups>
    </groups>
    <test started-at="2024-03-05T00:08:19 IST" name="Command line test" finished-at="2024-03-05T00:08:19 IST" duration-ms="26">
    </test> <!-- Command line test -->
  </suite> <!-- testRunner.TestRun -->
</testng-results>
