<?xml version="1.0" encoding="UTF-8"?>
<testng-results ignored="4" total="15" passed="11" failed="0" skipped="0">
  <reporter-output>
  </reporter-output>
  <suite started-at="2024-03-05T00:06:04 IST" name="Suite" finished-at="2024-03-05T00:07:14 IST" duration-ms="70306">
    <groups>
      <group name="regression">
        <method signature="TC_02LanguageLearning.enterprise()[pri:8, instance:TestCases.TC_02LanguageLearning@5b8dfcc1]" name="enterprise" class="TestCases.TC_02LanguageLearning"/>
        <method signature="TC_02LanguageLearning.lang_learn()[pri:5, instance:TestCases.TC_02LanguageLearning@5b8dfcc1]" name="lang_learn" class="TestCases.TC_02LanguageLearning"/>
        <method signature="TC_02LanguageLearning.languages()[pri:7, instance:TestCases.TC_02LanguageLearning@5b8dfcc1]" name="languages" class="TestCases.TC_02LanguageLearning"/>
        <method signature="TC_02LanguageLearning.levels()[pri:6, instance:TestCases.TC_02LanguageLearning@5b8dfcc1]" name="levels" class="TestCases.TC_02LanguageLearning"/>
      </group> <!-- regression -->
      <group name="sanity">
        <method signature="TC_01WebDevelopmentCourses.courses()[pri:2, instance:TestCases.TC_01WebDevelopmentCourses@223191a6]" name="courses" class="TestCases.TC_01WebDevelopmentCourses"/>
        <method signature="TC_01WebDevelopmentCourses.filters()[pri:1, instance:TestCases.TC_01WebDevelopmentCourses@223191a6]" name="filters" class="TestCases.TC_01WebDevelopmentCourses"/>
        <method signature="TC_01WebDevelopmentCourses.firstcourse()[pri:3, instance:TestCases.TC_01WebDevelopmentCourses@223191a6]" name="firstcourse" class="TestCases.TC_01WebDevelopmentCourses"/>
        <method signature="TC_01WebDevelopmentCourses.search()[pri:0, instance:TestCases.TC_01WebDevelopmentCourses@223191a6]" name="search" class="TestCases.TC_01WebDevelopmentCourses"/>
        <method signature="TC_01WebDevelopmentCourses.secondcourse()[pri:4, instance:TestCases.TC_01WebDevelopmentCourses@223191a6]" name="secondcourse" class="TestCases.TC_01WebDevelopmentCourses"/>
        <method signature="TC_02LanguageLearning.enterprise()[pri:8, instance:TestCases.TC_02LanguageLearning@5b8dfcc1]" name="enterprise" class="TestCases.TC_02LanguageLearning"/>
        <method signature="TC_03FillingForm.error_msg()[pri:10, instance:TestCases.TC_03FillingForm@2f9f7dcf]" name="error_msg" class="TestCases.TC_03FillingForm"/>
        <method signature="TC_03FillingForm.form()[pri:9, instance:TestCases.TC_03FillingForm@2f9f7dcf]" name="form" class="TestCases.TC_03FillingForm"/>
      </group> <!-- sanity -->
    </groups>
    <test started-at="2024-03-05T00:06:04 IST" name="Test" finished-at="2024-03-05T00:07:14 IST" duration-ms="70306">
      <class name="TestCases.TC_03FillingForm">
        <test-method signature="form()[pri:9, instance:TestCases.TC_03FillingForm@2f9f7dcf]" started-at="2024-03-05T00:07:09 IST" name="form" finished-at="2024-03-05T00:07:12 IST" duration-ms="3638" status="PASS">
          <reporter-output>
          </reporter-output>
        </test-method> <!-- form -->
        <test-method signature="error_msg()[pri:10, instance:TestCases.TC_03FillingForm@2f9f7dcf]" started-at="2024-03-05T00:07:13 IST" name="error_msg" finished-at="2024-03-05T00:07:13 IST" duration-ms="213" status="PASS">
          <reporter-output>
          </reporter-output>
        </test-method> <!-- error_msg -->
      </class> <!-- TestCases.TC_03FillingForm -->
      <class name="TestCases.TC_01WebDevelopmentCourses">
        <test-method is-config="true" signature="driver_setup(java.lang.String)[pri:0, instance:TestCases.TC_01WebDevelopmentCourses@223191a6]" started-at="2024-03-05T00:06:04 IST" name="driver_setup" finished-at="2024-03-05T00:06:20 IST" duration-ms="15399" status="PASS">
          <params>
            <param index="0">
              <value>
                <![CDATA[chrome]]>
              </value>
            </param>
          </params>
          <reporter-output>
          </reporter-output>
        </test-method> <!-- driver_setup -->
        <test-method signature="search()[pri:0, instance:TestCases.TC_01WebDevelopmentCourses@223191a6]" started-at="2024-03-05T00:06:20 IST" name="search" finished-at="2024-03-05T00:06:27 IST" duration-ms="6597" status="PASS">
          <reporter-output>
          </reporter-output>
        </test-method> <!-- search -->
        <test-method signature="filters()[pri:1, instance:TestCases.TC_01WebDevelopmentCourses@223191a6]" started-at="2024-03-05T00:06:27 IST" name="filters" finished-at="2024-03-05T00:06:28 IST" duration-ms="1256" status="PASS">
          <reporter-output>
          </reporter-output>
        </test-method> <!-- filters -->
        <test-method signature="courses()[pri:2, instance:TestCases.TC_01WebDevelopmentCourses@223191a6]" started-at="2024-03-05T00:06:28 IST" name="courses" finished-at="2024-03-05T00:06:34 IST" duration-ms="5631" status="PASS">
          <reporter-output>
          </reporter-output>
        </test-method> <!-- courses -->
        <test-method signature="firstcourse()[pri:3, instance:TestCases.TC_01WebDevelopmentCourses@223191a6]" started-at="2024-03-05T00:06:34 IST" name="firstcourse" finished-at="2024-03-05T00:06:34 IST" duration-ms="179" status="PASS">
          <reporter-output>
          </reporter-output>
        </test-method> <!-- firstcourse -->
        <test-method signature="secondcourse()[pri:4, instance:TestCases.TC_01WebDevelopmentCourses@223191a6]" started-at="2024-03-05T00:06:35 IST" name="secondcourse" finished-at="2024-03-05T00:06:35 IST" duration-ms="239" status="PASS">
          <reporter-output>
          </reporter-output>
        </test-method> <!-- secondcourse -->
        <test-method is-config="true" signature="close_browser()[pri:0, instance:TestCases.TC_01WebDevelopmentCourses@223191a6]" started-at="2024-03-05T00:07:13 IST" name="close_browser" finished-at="2024-03-05T00:07:14 IST" duration-ms="1197" status="PASS">
          <reporter-output>
          </reporter-output>
        </test-method> <!-- close_browser -->
      </class> <!-- TestCases.TC_01WebDevelopmentCourses -->
      <class name="TestCases.TC_02LanguageLearning">
        <test-method signature="lang_learn()[pri:5, instance:TestCases.TC_02LanguageLearning@5b8dfcc1]" started-at="2024-03-05T00:06:35 IST" name="lang_learn" finished-at="2024-03-05T00:06:41 IST" duration-ms="5949" status="PASS">
          <reporter-output>
          </reporter-output>
        </test-method> <!-- lang_learn -->
        <test-method signature="levels()[pri:6, instance:TestCases.TC_02LanguageLearning@5b8dfcc1]" started-at="2024-03-05T00:06:41 IST" name="levels" finished-at="2024-03-05T00:06:42 IST" duration-ms="862" status="PASS">
          <reporter-output>
          </reporter-output>
        </test-method> <!-- levels -->
        <test-method signature="languages()[pri:7, instance:TestCases.TC_02LanguageLearning@5b8dfcc1]" started-at="2024-03-05T00:06:43 IST" name="languages" finished-at="2024-03-05T00:06:47 IST" duration-ms="4352" status="PASS">
          <reporter-output>
          </reporter-output>
        </test-method> <!-- languages -->
        <test-method signature="enterprise()[pri:8, instance:TestCases.TC_02LanguageLearning@5b8dfcc1]" started-at="2024-03-05T00:06:47 IST" name="enterprise" finished-at="2024-03-05T00:07:08 IST" duration-ms="21012" status="PASS">
          <reporter-output>
          </reporter-output>
        </test-method> <!-- enterprise -->
      </class> <!-- TestCases.TC_02LanguageLearning -->
    </test> <!-- Test -->
  </suite> <!-- Suite -->
</testng-results>
